<?xml version="1.0" encoding="UTF-8"?>
<testsuite name="com.bridgelabz.LinkedIn" tests="2" skipped="0" failures="0" errors="0" timestamp="2021-05-22T04:18:50" hostname="LAPTOP-22472JL6" time="12.592">
  <properties/>
  <testcase name="login_Linkedin" classname="com.bridgelabz.LinkedIn" time="9.841"/>
  <testcase name="post_Linkedin" classname="com.bridgelabz.LinkedIn" time="2.738"/>
  <system-out><![CDATA[]]></system-out>
  <system-err><![CDATA[]]></system-err>
</testsuite>
